Oct 15, 2006 4:15:15 PM org.apache.catalina.core.AprLifecycleListener lifecycleEvent
INFO: The Apache Tomcat Native library which allows optimal performance in production environments was not found on the java.library.path: .:/Library/Java/Extensions:/System/Library/Java/Extensions:/usr/lib/java
Oct 15, 2006 4:15:15 PM org.apache.coyote.http11.Http11BaseProtocol init
INFO: Initializing Coyote HTTP/1.1 on http-8080
Oct 15, 2006 4:15:15 PM org.apache.catalina.startup.Catalina load
INFO: Initialization processed in 916 ms
Oct 15, 2006 4:15:15 PM org.apache.catalina.core.StandardService start
INFO: Starting service Catalina
Oct 15, 2006 4:15:15 PM org.apache.catalina.core.StandardEngine start
INFO: Starting Servlet Engine: Apache Tomcat/5.5.20
Oct 15, 2006 4:15:15 PM org.apache.catalina.core.StandardHost start
INFO: XML validation disabled
Oct 15, 2006 4:15:16 PM org.apache.catalina.startup.HostConfig deployWAR
INFO: Deploying web application archive xpuga.war
Oct 15, 2006 4:15:17 PM org.apache.coyote.http11.Http11BaseProtocol start
INFO: Starting Coyote HTTP/1.1 on http-8080
Oct 15, 2006 4:15:17 PM org.apache.jk.common.ChannelSocket init
INFO: JK: ajp13 listening on /0.0.0.0:8009
Oct 15, 2006 4:15:17 PM org.apache.jk.server.JkMain start
INFO: Jk running ID=0 time=0/37  config=null
Oct 15, 2006 4:15:17 PM org.apache.catalina.storeconfig.StoreLoader load
INFO: Find registry server-registry.xml at classpath resource
Oct 15, 2006 4:15:17 PM org.apache.catalina.startup.Catalina start
INFO: Server startup in 2017 ms
Oct 15, 2006 4:15:53 PM org.apache.catalina.startup.HostConfig checkResources
INFO: Undeploying context [/xpuga]
Oct 15, 2006 4:15:55 PM org.apache.catalina.startup.HostConfig deployWAR
INFO: Deploying web application archive xpuga.war
Oct 15, 2006 4:16:47 PM org.apache.catalina.startup.HostConfig checkResources
INFO: Undeploying context [/xpuga]
Oct 15, 2006 4:16:49 PM org.apache.catalina.startup.HostConfig deployWAR
INFO: Deploying web application archive xpuga.war
Oct 15, 2006 4:30:48 PM org.apache.coyote.http11.Http11BaseProtocol pause
INFO: Pausing Coyote HTTP/1.1 on http-8080
Oct 15, 2006 4:30:49 PM org.apache.catalina.core.StandardService stop
INFO: Stopping service Catalina
Oct 15, 2006 4:30:49 PM org.apache.coyote.http11.Http11BaseProtocol destroy
INFO: Stopping Coyote HTTP/1.1 on http-8080
Oct 15, 2006 4:30:49 PM org.apache.catalina.core.AprLifecycleListener lifecycleEvent
INFO: Failed shutdown of Apache Portable Runtime
Oct 15, 2006 4:31:07 PM org.apache.catalina.core.AprLifecycleListener lifecycleEvent
INFO: The Apache Tomcat Native library which allows optimal performance in production environments was not found on the java.library.path: .:/Library/Java/Extensions:/System/Library/Java/Extensions:/usr/lib/java
Oct 15, 2006 4:31:07 PM org.apache.coyote.http11.Http11BaseProtocol init
INFO: Initializing Coyote HTTP/1.1 on http-8080
Oct 15, 2006 4:31:07 PM org.apache.catalina.startup.Catalina load
INFO: Initialization processed in 745 ms
Oct 15, 2006 4:31:07 PM org.apache.catalina.core.StandardService start
INFO: Starting service Catalina
Oct 15, 2006 4:31:07 PM org.apache.catalina.core.StandardEngine start
INFO: Starting Servlet Engine: Apache Tomcat/5.5.20
Oct 15, 2006 4:31:07 PM org.apache.catalina.core.StandardHost start
INFO: XML validation disabled
Oct 15, 2006 4:31:08 PM org.apache.catalina.startup.HostConfig deployWAR
INFO: Deploying web application archive xpuga.war
Oct 15, 2006 4:31:08 PM org.apache.coyote.http11.Http11BaseProtocol start
INFO: Starting Coyote HTTP/1.1 on http-8080
Oct 15, 2006 4:31:09 PM org.apache.jk.common.ChannelSocket init
INFO: JK: ajp13 listening on /0.0.0.0:8009
Oct 15, 2006 4:31:09 PM org.apache.jk.server.JkMain start
INFO: Jk running ID=0 time=0/18  config=null
Oct 15, 2006 4:31:09 PM org.apache.catalina.storeconfig.StoreLoader load
INFO: Find registry server-registry.xml at classpath resource
Oct 15, 2006 4:31:09 PM org.apache.catalina.startup.Catalina start
INFO: Server startup in 1478 ms
Oct 15, 2006 4:31:41 PM org.apache.catalina.startup.HostConfig checkResources
INFO: Undeploying context [/balancer]
Oct 15, 2006 4:32:06 PM org.apache.catalina.startup.HostConfig checkResources
INFO: Undeploying context [/xpuga]
Oct 15, 2006 4:32:29 PM org.apache.catalina.startup.HostConfig checkResources
INFO: Undeploying context [/tomcat-docs]
Oct 15, 2006 4:33:23 PM org.apache.catalina.startup.HostConfig checkResources
INFO: Undeploying context [/jsp-examples]
Oct 15, 2006 4:33:26 PM org.apache.catalina.startup.HostConfig checkResources
INFO: Undeploying context [/servlets-examples]
Oct 15, 2006 4:33:30 PM org.apache.catalina.startup.HostConfig checkResources
INFO: Undeploying context [/webdav]
Oct 15, 2006 4:35:20 PM org.apache.coyote.http11.Http11BaseProtocol pause
INFO: Pausing Coyote HTTP/1.1 on http-8080
Oct 15, 2006 4:35:21 PM org.apache.catalina.core.StandardService stop
INFO: Stopping service Catalina
Oct 15, 2006 4:35:21 PM org.apache.coyote.http11.Http11BaseProtocol destroy
INFO: Stopping Coyote HTTP/1.1 on http-8080
Oct 15, 2006 4:35:21 PM org.apache.catalina.core.AprLifecycleListener lifecycleEvent
INFO: Failed shutdown of Apache Portable Runtime
