Oct 11, 2006 7:25:20 PM org.apache.catalina.core.AprLifecycleListener lifecycleEvent
INFO: The Apache Tomcat Native library which allows optimal performance in production environments was not found on the java.library.path: .:/Library/Java/Extensions:/System/Library/Java/Extensions:/usr/lib/java
Oct 11, 2006 7:25:20 PM org.apache.coyote.http11.Http11BaseProtocol init
INFO: Initializing Coyote HTTP/1.1 on http-8080
Oct 11, 2006 7:25:20 PM org.apache.catalina.startup.Catalina load
INFO: Initialization processed in 1017 ms
Oct 11, 2006 7:25:20 PM org.apache.catalina.core.StandardService start
INFO: Starting service Catalina
Oct 11, 2006 7:25:20 PM org.apache.catalina.core.StandardEngine start
INFO: Starting Servlet Engine: Apache Tomcat/5.5.20
Oct 11, 2006 7:25:20 PM org.apache.catalina.core.StandardHost start
INFO: XML validation disabled
Oct 11, 2006 7:25:22 PM org.apache.coyote.http11.Http11BaseProtocol start
INFO: Starting Coyote HTTP/1.1 on http-8080
Oct 11, 2006 7:25:22 PM org.apache.jk.common.ChannelSocket init
INFO: JK: ajp13 listening on /0.0.0.0:8009
Oct 11, 2006 7:25:22 PM org.apache.jk.server.JkMain start
INFO: Jk running ID=0 time=0/24  config=null
Oct 11, 2006 7:25:22 PM org.apache.catalina.storeconfig.StoreLoader load
INFO: Find registry server-registry.xml at classpath resource
Oct 11, 2006 7:25:22 PM org.apache.catalina.startup.Catalina start
INFO: Server startup in 1806 ms
Oct 11, 2006 7:32:33 PM org.apache.coyote.http11.Http11BaseProtocol pause
INFO: Pausing Coyote HTTP/1.1 on http-8080
Oct 11, 2006 7:32:34 PM org.apache.catalina.core.StandardService stop
INFO: Stopping service Catalina
Oct 11, 2006 7:32:35 PM org.apache.coyote.http11.Http11BaseProtocol destroy
INFO: Stopping Coyote HTTP/1.1 on http-8080
Oct 11, 2006 7:32:35 PM org.apache.catalina.core.AprLifecycleListener lifecycleEvent
INFO: Failed shutdown of Apache Portable Runtime
Oct 11, 2006 7:32:39 PM org.apache.catalina.core.AprLifecycleListener lifecycleEvent
INFO: The Apache Tomcat Native library which allows optimal performance in production environments was not found on the java.library.path: .:/Library/Java/Extensions:/System/Library/Java/Extensions:/usr/lib/java
Oct 11, 2006 7:32:39 PM org.apache.coyote.http11.Http11BaseProtocol init
INFO: Initializing Coyote HTTP/1.1 on http-8080
Oct 11, 2006 7:32:39 PM org.apache.catalina.startup.Catalina load
INFO: Initialization processed in 752 ms
Oct 11, 2006 7:32:39 PM org.apache.catalina.core.StandardService start
INFO: Starting service Catalina
Oct 11, 2006 7:32:39 PM org.apache.catalina.core.StandardEngine start
INFO: Starting Servlet Engine: Apache Tomcat/5.5.20
Oct 11, 2006 7:32:39 PM org.apache.catalina.core.StandardHost start
INFO: XML validation disabled
Oct 11, 2006 7:32:40 PM org.apache.coyote.http11.Http11BaseProtocol start
INFO: Starting Coyote HTTP/1.1 on http-8080
Oct 11, 2006 7:32:40 PM org.apache.jk.common.ChannelSocket init
INFO: JK: ajp13 listening on /0.0.0.0:8009
Oct 11, 2006 7:32:40 PM org.apache.jk.server.JkMain start
INFO: Jk running ID=0 time=0/34  config=null
Oct 11, 2006 7:32:40 PM org.apache.catalina.storeconfig.StoreLoader load
INFO: Find registry server-registry.xml at classpath resource
Oct 11, 2006 7:32:40 PM org.apache.catalina.startup.Catalina start
INFO: Server startup in 1453 ms
Oct 11, 2006 7:34:56 PM org.apache.catalina.startup.HostConfig deployWAR
INFO: Deploying web application archive xpuga.war
Oct 11, 2006 7:35:36 PM org.apache.catalina.startup.HostConfig checkResources
INFO: Undeploying context [/xpuga]
Oct 11, 2006 7:35:38 PM org.apache.catalina.startup.HostConfig deployWAR
INFO: Deploying web application archive xpuga.war
Oct 11, 2006 7:36:53 PM org.apache.catalina.startup.HostConfig checkResources
INFO: Undeploying context [/xpuga]
Oct 11, 2006 7:36:55 PM org.apache.catalina.startup.HostConfig deployWAR
INFO: Deploying web application archive xpuga.war
Oct 11, 2006 7:48:51 PM org.apache.catalina.startup.HostConfig checkResources
INFO: Undeploying context [/xpuga]
Oct 11, 2006 7:48:53 PM org.apache.catalina.startup.HostConfig deployWAR
INFO: Deploying web application archive xpuga.war
Oct 11, 2006 7:49:24 PM org.apache.catalina.startup.HostConfig checkResources
INFO: Undeploying context [/xpuga]
Oct 11, 2006 7:49:26 PM org.apache.catalina.startup.HostConfig deployWAR
INFO: Deploying web application archive xpuga.war
Oct 11, 2006 8:04:44 PM org.apache.catalina.startup.HostConfig checkResources
INFO: Undeploying context [/xpuga]
Oct 11, 2006 8:04:46 PM org.apache.catalina.startup.HostConfig deployWAR
INFO: Deploying web application archive xpuga.war
Oct 11, 2006 9:39:06 PM org.apache.catalina.startup.HostConfig checkResources
INFO: Undeploying context [/xpuga]
Oct 11, 2006 9:39:08 PM org.apache.catalina.startup.HostConfig deployWAR
INFO: Deploying web application archive xpuga.war
Oct 11, 2006 9:39:27 PM org.apache.catalina.startup.HostConfig checkResources
INFO: Undeploying context [/xpuga]
Oct 11, 2006 9:39:29 PM org.apache.catalina.startup.HostConfig deployWAR
INFO: Deploying web application archive xpuga.war
Oct 11, 2006 9:39:56 PM org.apache.catalina.startup.HostConfig checkResources
INFO: Undeploying context [/xpuga]
Oct 11, 2006 9:39:59 PM org.apache.catalina.startup.HostConfig deployWAR
INFO: Deploying web application archive xpuga.war
Oct 11, 2006 9:41:19 PM org.apache.catalina.startup.HostConfig checkResources
INFO: Undeploying context [/xpuga]
Oct 11, 2006 9:41:22 PM org.apache.catalina.startup.HostConfig deployWAR
INFO: Deploying web application archive xpuga.war
Oct 11, 2006 9:54:39 PM org.apache.catalina.startup.HostConfig checkResources
INFO: Undeploying context [/xpuga]
Oct 11, 2006 9:54:41 PM org.apache.catalina.startup.HostConfig deployWAR
INFO: Deploying web application archive xpuga.war
Oct 11, 2006 9:56:18 PM org.apache.catalina.startup.HostConfig checkResources
INFO: Undeploying context [/xpuga]
Oct 11, 2006 9:56:20 PM org.apache.catalina.startup.HostConfig deployWAR
INFO: Deploying web application archive xpuga.war
Oct 11, 2006 9:59:11 PM org.apache.catalina.startup.HostConfig checkResources
INFO: Undeploying context [/xpuga]
Oct 11, 2006 9:59:13 PM org.apache.catalina.startup.HostConfig deployWAR
INFO: Deploying web application archive xpuga.war
Oct 11, 2006 10:00:35 PM org.apache.catalina.startup.HostConfig checkResources
INFO: Undeploying context [/xpuga]
Oct 11, 2006 10:00:37 PM org.apache.catalina.startup.HostConfig deployWAR
INFO: Deploying web application archive xpuga.war
Oct 11, 2006 10:01:25 PM org.apache.catalina.startup.HostConfig checkResources
INFO: Undeploying context [/xpuga]
Oct 11, 2006 10:01:27 PM org.apache.catalina.startup.HostConfig deployWAR
INFO: Deploying web application archive xpuga.war
Oct 11, 2006 10:02:05 PM org.apache.catalina.startup.HostConfig checkResources
INFO: Undeploying context [/xpuga]
Oct 11, 2006 10:02:15 PM org.apache.catalina.startup.HostConfig deployWAR
INFO: Deploying web application archive xpuga.war
Oct 11, 2006 10:06:58 PM org.apache.catalina.startup.HostConfig checkResources
INFO: Undeploying context [/xpuga]
Oct 11, 2006 10:07:04 PM org.apache.catalina.startup.HostConfig deployWAR
INFO: Deploying web application archive xpuga.war
Oct 11, 2006 10:07:07 PM org.apache.catalina.startup.HostConfig checkResources
INFO: Undeploying context [/xpuga]
Oct 11, 2006 10:07:09 PM org.apache.catalina.startup.HostConfig deployWAR
INFO: Deploying web application archive xpuga.war
Oct 11, 2006 10:07:50 PM org.apache.catalina.startup.HostConfig checkResources
INFO: Undeploying context [/xpuga]
Oct 11, 2006 10:07:52 PM org.apache.catalina.startup.HostConfig deployWAR
INFO: Deploying web application archive xpuga.war
Oct 11, 2006 10:08:53 PM org.apache.catalina.startup.HostConfig checkResources
INFO: Undeploying context [/xpuga]
Oct 11, 2006 10:08:55 PM org.apache.catalina.startup.HostConfig deployWAR
INFO: Deploying web application archive xpuga.war
Oct 12, 2006 2:43:18 PM org.apache.catalina.core.AprLifecycleListener lifecycleEvent
INFO: The Apache Tomcat Native library which allows optimal performance in production environments was not found on the java.library.path: .:/Library/Java/Extensions:/System/Library/Java/Extensions:/usr/lib/java
Oct 12, 2006 2:43:19 PM org.apache.coyote.http11.Http11BaseProtocol init
SEVERE: Error initializing endpoint
java.net.BindException: Address already in use:8080
	at org.apache.tomcat.util.net.PoolTcpEndpoint.initEndpoint(PoolTcpEndpoint.java:297)
	at org.apache.coyote.http11.Http11BaseProtocol.init(Http11BaseProtocol.java:138)
	at org.apache.catalina.connector.Connector.initialize(Connector.java:1016)
	at org.apache.catalina.core.StandardService.initialize(StandardService.java:580)
	at org.apache.catalina.core.StandardServer.initialize(StandardServer.java:791)
	at org.apache.catalina.startup.Catalina.load(Catalina.java:503)
	at org.apache.catalina.startup.Catalina.load(Catalina.java:523)
	at sun.reflect.NativeMethodAccessorImpl.invoke0(Native Method)
	at sun.reflect.NativeMethodAccessorImpl.invoke(NativeMethodAccessorImpl.java:39)
	at sun.reflect.DelegatingMethodAccessorImpl.invoke(DelegatingMethodAccessorImpl.java:25)
	at java.lang.reflect.Method.invoke(Method.java:585)
	at org.apache.catalina.startup.Bootstrap.load(Bootstrap.java:266)
	at org.apache.catalina.startup.Bootstrap.main(Bootstrap.java:431)
Oct 12, 2006 2:43:19 PM org.apache.catalina.startup.Catalina load
SEVERE: Catalina.start
LifecycleException:  Protocol handler initialization failed: java.net.BindException: Address already in use:8080
	at org.apache.catalina.connector.Connector.initialize(Connector.java:1018)
	at org.apache.catalina.core.StandardService.initialize(StandardService.java:580)
	at org.apache.catalina.core.StandardServer.initialize(StandardServer.java:791)
	at org.apache.catalina.startup.Catalina.load(Catalina.java:503)
	at org.apache.catalina.startup.Catalina.load(Catalina.java:523)
	at sun.reflect.NativeMethodAccessorImpl.invoke0(Native Method)
	at sun.reflect.NativeMethodAccessorImpl.invoke(NativeMethodAccessorImpl.java:39)
	at sun.reflect.DelegatingMethodAccessorImpl.invoke(DelegatingMethodAccessorImpl.java:25)
	at java.lang.reflect.Method.invoke(Method.java:585)
	at org.apache.catalina.startup.Bootstrap.load(Bootstrap.java:266)
	at org.apache.catalina.startup.Bootstrap.main(Bootstrap.java:431)
Oct 12, 2006 2:43:19 PM org.apache.catalina.startup.Catalina load
INFO: Initialization processed in 732 ms
Oct 12, 2006 2:43:19 PM org.apache.catalina.core.StandardService start
INFO: Starting service Catalina
Oct 12, 2006 2:43:19 PM org.apache.catalina.core.StandardEngine start
INFO: Starting Servlet Engine: Apache Tomcat/5.5.20
Oct 12, 2006 2:43:19 PM org.apache.catalina.core.StandardHost start
INFO: XML validation disabled
Oct 12, 2006 2:43:19 PM org.apache.catalina.startup.HostConfig deployWAR
INFO: Deploying web application archive xpuga.war
Oct 12, 2006 2:43:20 PM org.apache.coyote.http11.Http11BaseProtocol start
SEVERE: Error starting endpoint
java.net.BindException: Address already in use:8080
	at org.apache.tomcat.util.net.PoolTcpEndpoint.initEndpoint(PoolTcpEndpoint.java:297)
	at org.apache.tomcat.util.net.PoolTcpEndpoint.startEndpoint(PoolTcpEndpoint.java:312)
	at org.apache.coyote.http11.Http11BaseProtocol.start(Http11BaseProtocol.java:150)
	at org.apache.coyote.http11.Http11Protocol.start(Http11Protocol.java:75)
	at org.apache.catalina.connector.Connector.start(Connector.java:1089)
	at org.apache.catalina.core.StandardService.start(StandardService.java:459)
	at org.apache.catalina.core.StandardServer.start(StandardServer.java:709)
	at org.apache.catalina.startup.Catalina.start(Catalina.java:551)
	at sun.reflect.NativeMethodAccessorImpl.invoke0(Native Method)
	at sun.reflect.NativeMethodAccessorImpl.invoke(NativeMethodAccessorImpl.java:39)
	at sun.reflect.DelegatingMethodAccessorImpl.invoke(DelegatingMethodAccessorImpl.java:25)
	at java.lang.reflect.Method.invoke(Method.java:585)
	at org.apache.catalina.startup.Bootstrap.start(Bootstrap.java:294)
	at org.apache.catalina.startup.Bootstrap.main(Bootstrap.java:432)
Oct 12, 2006 2:43:20 PM org.apache.catalina.startup.Catalina start
SEVERE: Catalina.start: 
LifecycleException:  service.getName(): "Catalina";  Protocol handler start failed: java.net.BindException: Address already in use:8080
	at org.apache.catalina.connector.Connector.start(Connector.java:1096)
	at org.apache.catalina.core.StandardService.start(StandardService.java:459)
	at org.apache.catalina.core.StandardServer.start(StandardServer.java:709)
	at org.apache.catalina.startup.Catalina.start(Catalina.java:551)
	at sun.reflect.NativeMethodAccessorImpl.invoke0(Native Method)
	at sun.reflect.NativeMethodAccessorImpl.invoke(NativeMethodAccessorImpl.java:39)
	at sun.reflect.DelegatingMethodAccessorImpl.invoke(DelegatingMethodAccessorImpl.java:25)
	at java.lang.reflect.Method.invoke(Method.java:585)
	at org.apache.catalina.startup.Bootstrap.start(Bootstrap.java:294)
	at org.apache.catalina.startup.Bootstrap.main(Bootstrap.java:432)
Oct 12, 2006 2:43:20 PM org.apache.catalina.startup.Catalina start
INFO: Server startup in 1257 ms
Oct 12, 2006 2:43:20 PM org.apache.catalina.core.StandardServer await
SEVERE: StandardServer.await: create[8005]: 
java.net.BindException: Address already in use
	at java.net.PlainSocketImpl.socketBind(Native Method)
	at java.net.PlainSocketImpl.bind(PlainSocketImpl.java:359)
	at java.net.ServerSocket.bind(ServerSocket.java:319)
	at java.net.ServerSocket.<init>(ServerSocket.java:185)
	at org.apache.catalina.core.StandardServer.await(StandardServer.java:372)
	at org.apache.catalina.startup.Catalina.await(Catalina.java:615)
	at org.apache.catalina.startup.Catalina.start(Catalina.java:575)
	at sun.reflect.NativeMethodAccessorImpl.invoke0(Native Method)
	at sun.reflect.NativeMethodAccessorImpl.invoke(NativeMethodAccessorImpl.java:39)
	at sun.reflect.DelegatingMethodAccessorImpl.invoke(DelegatingMethodAccessorImpl.java:25)
	at java.lang.reflect.Method.invoke(Method.java:585)
	at org.apache.catalina.startup.Bootstrap.start(Bootstrap.java:294)
	at org.apache.catalina.startup.Bootstrap.main(Bootstrap.java:432)
Oct 12, 2006 2:46:00 PM org.apache.catalina.startup.HostConfig checkResources
INFO: Undeploying context [/xpuga]
Oct 12, 2006 2:46:02 PM org.apache.catalina.startup.HostConfig deployWAR
INFO: Deploying web application archive xpuga.war
Oct 12, 2006 2:46:06 PM org.apache.catalina.startup.HostConfig checkResources
INFO: Undeploying context [/xpuga]
Oct 12, 2006 2:46:09 PM org.apache.catalina.startup.HostConfig deployWAR
INFO: Deploying web application archive xpuga.war
Oct 12, 2006 2:47:00 PM org.apache.catalina.startup.HostConfig checkResources
INFO: Undeploying context [/xpuga]
Oct 12, 2006 2:47:02 PM org.apache.catalina.startup.HostConfig deployWAR
INFO: Deploying web application archive xpuga.war
Oct 12, 2006 2:48:26 PM org.apache.catalina.startup.HostConfig checkResources
INFO: Undeploying context [/xpuga]
Oct 12, 2006 2:48:28 PM org.apache.catalina.startup.HostConfig deployWAR
INFO: Deploying web application archive xpuga.war
Oct 12, 2006 2:49:17 PM org.apache.catalina.startup.HostConfig checkResources
INFO: Undeploying context [/xpuga]
Oct 12, 2006 2:49:20 PM org.apache.catalina.startup.HostConfig deployWAR
INFO: Deploying web application archive xpuga.war
Oct 12, 2006 2:57:20 PM org.apache.catalina.startup.HostConfig checkResources
INFO: Undeploying context [/xpuga]
Oct 12, 2006 2:57:22 PM org.apache.catalina.startup.HostConfig deployWAR
INFO: Deploying web application archive xpuga.war
Oct 12, 2006 2:58:39 PM org.apache.catalina.startup.HostConfig checkResources
INFO: Undeploying context [/xpuga]
Oct 12, 2006 2:58:41 PM org.apache.catalina.startup.HostConfig deployWAR
INFO: Deploying web application archive xpuga.war
Oct 12, 2006 3:17:26 PM org.apache.catalina.startup.HostConfig checkResources
INFO: Undeploying context [/xpuga]
Oct 12, 2006 3:21:35 PM org.apache.catalina.startup.HostConfig deployWAR
INFO: Deploying web application archive xpuga.war
Oct 12, 2006 3:21:39 PM org.apache.catalina.startup.HostConfig checkResources
INFO: Undeploying context [/xpuga]
Oct 12, 2006 3:21:42 PM org.apache.catalina.startup.HostConfig deployWAR
INFO: Deploying web application archive xpuga.war
Oct 12, 2006 3:27:42 PM org.apache.catalina.startup.HostConfig checkResources
INFO: Undeploying context [/xpuga]
Oct 12, 2006 3:30:36 PM org.apache.catalina.startup.HostConfig deployWAR
INFO: Deploying web application archive xpuga.war
Oct 12, 2006 3:30:41 PM org.apache.catalina.startup.HostConfig checkResources
INFO: Undeploying context [/xpuga]
Oct 12, 2006 3:30:43 PM org.apache.catalina.startup.HostConfig deployWAR
INFO: Deploying web application archive xpuga.war
Oct 12, 2006 3:31:33 PM org.apache.catalina.startup.HostConfig checkResources
INFO: Undeploying context [/xpuga]
Oct 12, 2006 3:31:35 PM org.apache.catalina.startup.HostConfig deployWAR
INFO: Deploying web application archive xpuga.war
Oct 12, 2006 3:32:38 PM org.apache.catalina.startup.HostConfig checkResources
INFO: Undeploying context [/xpuga]
Oct 12, 2006 3:32:40 PM org.apache.catalina.startup.HostConfig deployWAR
INFO: Deploying web application archive xpuga.war
Oct 12, 2006 3:34:26 PM org.apache.catalina.startup.HostConfig checkResources
INFO: Undeploying context [/xpuga]
Oct 12, 2006 3:34:28 PM org.apache.catalina.startup.HostConfig deployWAR
INFO: Deploying web application archive xpuga.war
Oct 12, 2006 3:35:10 PM org.apache.catalina.startup.HostConfig checkResources
INFO: Undeploying context [/xpuga]
Oct 12, 2006 3:35:13 PM org.apache.catalina.startup.HostConfig deployWAR
INFO: Deploying web application archive xpuga.war
Oct 12, 2006 3:52:26 PM org.apache.catalina.startup.HostConfig checkResources
INFO: Undeploying context [/xpuga]
Oct 12, 2006 3:52:29 PM org.apache.catalina.startup.HostConfig deployWAR
INFO: Deploying web application archive xpuga.war
Oct 15, 2006 4:15:15 PM org.apache.catalina.core.AprLifecycleListener lifecycleEvent
INFO: The Apache Tomcat Native library which allows optimal performance in production environments was not found on the java.library.path: .:/Library/Java/Extensions:/System/Library/Java/Extensions:/usr/lib/java
Oct 15, 2006 4:15:15 PM org.apache.coyote.http11.Http11BaseProtocol init
INFO: Initializing Coyote HTTP/1.1 on http-8080
Oct 15, 2006 4:15:15 PM org.apache.catalina.startup.Catalina load
INFO: Initialization processed in 916 ms
Oct 15, 2006 4:15:15 PM org.apache.catalina.core.StandardService start
INFO: Starting service Catalina
Oct 15, 2006 4:15:15 PM org.apache.catalina.core.StandardEngine start
INFO: Starting Servlet Engine: Apache Tomcat/5.5.20
Oct 15, 2006 4:15:15 PM org.apache.catalina.core.StandardHost start
INFO: XML validation disabled
Oct 15, 2006 4:15:16 PM org.apache.catalina.startup.HostConfig deployWAR
INFO: Deploying web application archive xpuga.war
Oct 15, 2006 4:15:17 PM org.apache.coyote.http11.Http11BaseProtocol start
INFO: Starting Coyote HTTP/1.1 on http-8080
Oct 15, 2006 4:15:17 PM org.apache.jk.common.ChannelSocket init
INFO: JK: ajp13 listening on /0.0.0.0:8009
Oct 15, 2006 4:15:17 PM org.apache.jk.server.JkMain start
INFO: Jk running ID=0 time=0/37  config=null
Oct 15, 2006 4:15:17 PM org.apache.catalina.storeconfig.StoreLoader load
INFO: Find registry server-registry.xml at classpath resource
Oct 15, 2006 4:15:17 PM org.apache.catalina.startup.Catalina start
INFO: Server startup in 2017 ms
Oct 15, 2006 4:15:53 PM org.apache.catalina.startup.HostConfig checkResources
INFO: Undeploying context [/xpuga]
Oct 15, 2006 4:15:55 PM org.apache.catalina.startup.HostConfig deployWAR
INFO: Deploying web application archive xpuga.war
Oct 15, 2006 4:16:47 PM org.apache.catalina.startup.HostConfig checkResources
INFO: Undeploying context [/xpuga]
Oct 15, 2006 4:16:49 PM org.apache.catalina.startup.HostConfig deployWAR
INFO: Deploying web application archive xpuga.war
Oct 15, 2006 4:30:48 PM org.apache.coyote.http11.Http11BaseProtocol pause
INFO: Pausing Coyote HTTP/1.1 on http-8080
Oct 15, 2006 4:30:49 PM org.apache.catalina.core.StandardService stop
INFO: Stopping service Catalina
Oct 15, 2006 4:30:49 PM org.apache.coyote.http11.Http11BaseProtocol destroy
INFO: Stopping Coyote HTTP/1.1 on http-8080
Oct 15, 2006 4:30:49 PM org.apache.catalina.core.AprLifecycleListener lifecycleEvent
INFO: Failed shutdown of Apache Portable Runtime
Oct 15, 2006 4:31:07 PM org.apache.catalina.core.AprLifecycleListener lifecycleEvent
INFO: The Apache Tomcat Native library which allows optimal performance in production environments was not found on the java.library.path: .:/Library/Java/Extensions:/System/Library/Java/Extensions:/usr/lib/java
Oct 15, 2006 4:31:07 PM org.apache.coyote.http11.Http11BaseProtocol init
INFO: Initializing Coyote HTTP/1.1 on http-8080
Oct 15, 2006 4:31:07 PM org.apache.catalina.startup.Catalina load
INFO: Initialization processed in 745 ms
Oct 15, 2006 4:31:07 PM org.apache.catalina.core.StandardService start
INFO: Starting service Catalina
Oct 15, 2006 4:31:07 PM org.apache.catalina.core.StandardEngine start
INFO: Starting Servlet Engine: Apache Tomcat/5.5.20
Oct 15, 2006 4:31:07 PM org.apache.catalina.core.StandardHost start
INFO: XML validation disabled
Oct 15, 2006 4:31:08 PM org.apache.catalina.startup.HostConfig deployWAR
INFO: Deploying web application archive xpuga.war
Oct 15, 2006 4:31:08 PM org.apache.coyote.http11.Http11BaseProtocol start
INFO: Starting Coyote HTTP/1.1 on http-8080
Oct 15, 2006 4:31:09 PM org.apache.jk.common.ChannelSocket init
INFO: JK: ajp13 listening on /0.0.0.0:8009
Oct 15, 2006 4:31:09 PM org.apache.jk.server.JkMain start
INFO: Jk running ID=0 time=0/18  config=null
Oct 15, 2006 4:31:09 PM org.apache.catalina.storeconfig.StoreLoader load
INFO: Find registry server-registry.xml at classpath resource
Oct 15, 2006 4:31:09 PM org.apache.catalina.startup.Catalina start
INFO: Server startup in 1478 ms
Oct 15, 2006 4:31:41 PM org.apache.catalina.startup.HostConfig checkResources
INFO: Undeploying context [/balancer]
Oct 15, 2006 4:32:06 PM org.apache.catalina.startup.HostConfig checkResources
INFO: Undeploying context [/xpuga]
Oct 15, 2006 4:32:29 PM org.apache.catalina.startup.HostConfig checkResources
INFO: Undeploying context [/tomcat-docs]
Oct 15, 2006 4:33:23 PM org.apache.catalina.startup.HostConfig checkResources
INFO: Undeploying context [/jsp-examples]
Oct 15, 2006 4:33:26 PM org.apache.catalina.startup.HostConfig checkResources
INFO: Undeploying context [/servlets-examples]
Oct 15, 2006 4:33:30 PM org.apache.catalina.startup.HostConfig checkResources
INFO: Undeploying context [/webdav]
Oct 15, 2006 4:35:20 PM org.apache.coyote.http11.Http11BaseProtocol pause
INFO: Pausing Coyote HTTP/1.1 on http-8080
Oct 15, 2006 4:35:21 PM org.apache.catalina.core.StandardService stop
INFO: Stopping service Catalina
Oct 15, 2006 4:35:21 PM org.apache.coyote.http11.Http11BaseProtocol destroy
INFO: Stopping Coyote HTTP/1.1 on http-8080
Oct 15, 2006 4:35:21 PM org.apache.catalina.core.AprLifecycleListener lifecycleEvent
INFO: Failed shutdown of Apache Portable Runtime
