Oct 12, 2006 2:43:18 PM org.apache.catalina.core.AprLifecycleListener lifecycleEvent
INFO: The Apache Tomcat Native library which allows optimal performance in production environments was not found on the java.library.path: .:/Library/Java/Extensions:/System/Library/Java/Extensions:/usr/lib/java
Oct 12, 2006 2:43:19 PM org.apache.coyote.http11.Http11BaseProtocol init
SEVERE: Error initializing endpoint
java.net.BindException: Address already in use:8080
	at org.apache.tomcat.util.net.PoolTcpEndpoint.initEndpoint(PoolTcpEndpoint.java:297)
	at org.apache.coyote.http11.Http11BaseProtocol.init(Http11BaseProtocol.java:138)
	at org.apache.catalina.connector.Connector.initialize(Connector.java:1016)
	at org.apache.catalina.core.StandardService.initialize(StandardService.java:580)
	at org.apache.catalina.core.StandardServer.initialize(StandardServer.java:791)
	at org.apache.catalina.startup.Catalina.load(Catalina.java:503)
	at org.apache.catalina.startup.Catalina.load(Catalina.java:523)
	at sun.reflect.NativeMethodAccessorImpl.invoke0(Native Method)
	at sun.reflect.NativeMethodAccessorImpl.invoke(NativeMethodAccessorImpl.java:39)
	at sun.reflect.DelegatingMethodAccessorImpl.invoke(DelegatingMethodAccessorImpl.java:25)
	at java.lang.reflect.Method.invoke(Method.java:585)
	at org.apache.catalina.startup.Bootstrap.load(Bootstrap.java:266)
	at org.apache.catalina.startup.Bootstrap.main(Bootstrap.java:431)
Oct 12, 2006 2:43:19 PM org.apache.catalina.startup.Catalina load
SEVERE: Catalina.start
LifecycleException:  Protocol handler initialization failed: java.net.BindException: Address already in use:8080
	at org.apache.catalina.connector.Connector.initialize(Connector.java:1018)
	at org.apache.catalina.core.StandardService.initialize(StandardService.java:580)
	at org.apache.catalina.core.StandardServer.initialize(StandardServer.java:791)
	at org.apache.catalina.startup.Catalina.load(Catalina.java:503)
	at org.apache.catalina.startup.Catalina.load(Catalina.java:523)
	at sun.reflect.NativeMethodAccessorImpl.invoke0(Native Method)
	at sun.reflect.NativeMethodAccessorImpl.invoke(NativeMethodAccessorImpl.java:39)
	at sun.reflect.DelegatingMethodAccessorImpl.invoke(DelegatingMethodAccessorImpl.java:25)
	at java.lang.reflect.Method.invoke(Method.java:585)
	at org.apache.catalina.startup.Bootstrap.load(Bootstrap.java:266)
	at org.apache.catalina.startup.Bootstrap.main(Bootstrap.java:431)
Oct 12, 2006 2:43:19 PM org.apache.catalina.startup.Catalina load
INFO: Initialization processed in 732 ms
Oct 12, 2006 2:43:19 PM org.apache.catalina.core.StandardService start
INFO: Starting service Catalina
Oct 12, 2006 2:43:19 PM org.apache.catalina.core.StandardEngine start
INFO: Starting Servlet Engine: Apache Tomcat/5.5.20
Oct 12, 2006 2:43:19 PM org.apache.catalina.core.StandardHost start
INFO: XML validation disabled
Oct 12, 2006 2:43:19 PM org.apache.catalina.startup.HostConfig deployWAR
INFO: Deploying web application archive xpuga.war
Oct 12, 2006 2:43:20 PM org.apache.coyote.http11.Http11BaseProtocol start
SEVERE: Error starting endpoint
java.net.BindException: Address already in use:8080
	at org.apache.tomcat.util.net.PoolTcpEndpoint.initEndpoint(PoolTcpEndpoint.java:297)
	at org.apache.tomcat.util.net.PoolTcpEndpoint.startEndpoint(PoolTcpEndpoint.java:312)
	at org.apache.coyote.http11.Http11BaseProtocol.start(Http11BaseProtocol.java:150)
	at org.apache.coyote.http11.Http11Protocol.start(Http11Protocol.java:75)
	at org.apache.catalina.connector.Connector.start(Connector.java:1089)
	at org.apache.catalina.core.StandardService.start(StandardService.java:459)
	at org.apache.catalina.core.StandardServer.start(StandardServer.java:709)
	at org.apache.catalina.startup.Catalina.start(Catalina.java:551)
	at sun.reflect.NativeMethodAccessorImpl.invoke0(Native Method)
	at sun.reflect.NativeMethodAccessorImpl.invoke(NativeMethodAccessorImpl.java:39)
	at sun.reflect.DelegatingMethodAccessorImpl.invoke(DelegatingMethodAccessorImpl.java:25)
	at java.lang.reflect.Method.invoke(Method.java:585)
	at org.apache.catalina.startup.Bootstrap.start(Bootstrap.java:294)
	at org.apache.catalina.startup.Bootstrap.main(Bootstrap.java:432)
Oct 12, 2006 2:43:20 PM org.apache.catalina.startup.Catalina start
SEVERE: Catalina.start: 
LifecycleException:  service.getName(): "Catalina";  Protocol handler start failed: java.net.BindException: Address already in use:8080
	at org.apache.catalina.connector.Connector.start(Connector.java:1096)
	at org.apache.catalina.core.StandardService.start(StandardService.java:459)
	at org.apache.catalina.core.StandardServer.start(StandardServer.java:709)
	at org.apache.catalina.startup.Catalina.start(Catalina.java:551)
	at sun.reflect.NativeMethodAccessorImpl.invoke0(Native Method)
	at sun.reflect.NativeMethodAccessorImpl.invoke(NativeMethodAccessorImpl.java:39)
	at sun.reflect.DelegatingMethodAccessorImpl.invoke(DelegatingMethodAccessorImpl.java:25)
	at java.lang.reflect.Method.invoke(Method.java:585)
	at org.apache.catalina.startup.Bootstrap.start(Bootstrap.java:294)
	at org.apache.catalina.startup.Bootstrap.main(Bootstrap.java:432)
Oct 12, 2006 2:43:20 PM org.apache.catalina.startup.Catalina start
INFO: Server startup in 1257 ms
Oct 12, 2006 2:43:20 PM org.apache.catalina.core.StandardServer await
SEVERE: StandardServer.await: create[8005]: 
java.net.BindException: Address already in use
	at java.net.PlainSocketImpl.socketBind(Native Method)
	at java.net.PlainSocketImpl.bind(PlainSocketImpl.java:359)
	at java.net.ServerSocket.bind(ServerSocket.java:319)
	at java.net.ServerSocket.<init>(ServerSocket.java:185)
	at org.apache.catalina.core.StandardServer.await(StandardServer.java:372)
	at org.apache.catalina.startup.Catalina.await(Catalina.java:615)
	at org.apache.catalina.startup.Catalina.start(Catalina.java:575)
	at sun.reflect.NativeMethodAccessorImpl.invoke0(Native Method)
	at sun.reflect.NativeMethodAccessorImpl.invoke(NativeMethodAccessorImpl.java:39)
	at sun.reflect.DelegatingMethodAccessorImpl.invoke(DelegatingMethodAccessorImpl.java:25)
	at java.lang.reflect.Method.invoke(Method.java:585)
	at org.apache.catalina.startup.Bootstrap.start(Bootstrap.java:294)
	at org.apache.catalina.startup.Bootstrap.main(Bootstrap.java:432)
Oct 12, 2006 2:46:00 PM org.apache.catalina.startup.HostConfig checkResources
INFO: Undeploying context [/xpuga]
Oct 12, 2006 2:46:02 PM org.apache.catalina.startup.HostConfig deployWAR
INFO: Deploying web application archive xpuga.war
Oct 12, 2006 2:46:06 PM org.apache.catalina.startup.HostConfig checkResources
INFO: Undeploying context [/xpuga]
Oct 12, 2006 2:46:09 PM org.apache.catalina.startup.HostConfig deployWAR
INFO: Deploying web application archive xpuga.war
Oct 12, 2006 2:47:00 PM org.apache.catalina.startup.HostConfig checkResources
INFO: Undeploying context [/xpuga]
Oct 12, 2006 2:47:02 PM org.apache.catalina.startup.HostConfig deployWAR
INFO: Deploying web application archive xpuga.war
Oct 12, 2006 2:48:26 PM org.apache.catalina.startup.HostConfig checkResources
INFO: Undeploying context [/xpuga]
Oct 12, 2006 2:48:28 PM org.apache.catalina.startup.HostConfig deployWAR
INFO: Deploying web application archive xpuga.war
Oct 12, 2006 2:49:17 PM org.apache.catalina.startup.HostConfig checkResources
INFO: Undeploying context [/xpuga]
Oct 12, 2006 2:49:20 PM org.apache.catalina.startup.HostConfig deployWAR
INFO: Deploying web application archive xpuga.war
Oct 12, 2006 2:57:20 PM org.apache.catalina.startup.HostConfig checkResources
INFO: Undeploying context [/xpuga]
Oct 12, 2006 2:57:22 PM org.apache.catalina.startup.HostConfig deployWAR
INFO: Deploying web application archive xpuga.war
Oct 12, 2006 2:58:39 PM org.apache.catalina.startup.HostConfig checkResources
INFO: Undeploying context [/xpuga]
Oct 12, 2006 2:58:41 PM org.apache.catalina.startup.HostConfig deployWAR
INFO: Deploying web application archive xpuga.war
Oct 12, 2006 3:17:26 PM org.apache.catalina.startup.HostConfig checkResources
INFO: Undeploying context [/xpuga]
Oct 12, 2006 3:21:35 PM org.apache.catalina.startup.HostConfig deployWAR
INFO: Deploying web application archive xpuga.war
Oct 12, 2006 3:21:39 PM org.apache.catalina.startup.HostConfig checkResources
INFO: Undeploying context [/xpuga]
Oct 12, 2006 3:21:42 PM org.apache.catalina.startup.HostConfig deployWAR
INFO: Deploying web application archive xpuga.war
Oct 12, 2006 3:27:42 PM org.apache.catalina.startup.HostConfig checkResources
INFO: Undeploying context [/xpuga]
Oct 12, 2006 3:30:36 PM org.apache.catalina.startup.HostConfig deployWAR
INFO: Deploying web application archive xpuga.war
Oct 12, 2006 3:30:41 PM org.apache.catalina.startup.HostConfig checkResources
INFO: Undeploying context [/xpuga]
Oct 12, 2006 3:30:43 PM org.apache.catalina.startup.HostConfig deployWAR
INFO: Deploying web application archive xpuga.war
Oct 12, 2006 3:31:33 PM org.apache.catalina.startup.HostConfig checkResources
INFO: Undeploying context [/xpuga]
Oct 12, 2006 3:31:35 PM org.apache.catalina.startup.HostConfig deployWAR
INFO: Deploying web application archive xpuga.war
Oct 12, 2006 3:32:38 PM org.apache.catalina.startup.HostConfig checkResources
INFO: Undeploying context [/xpuga]
Oct 12, 2006 3:32:40 PM org.apache.catalina.startup.HostConfig deployWAR
INFO: Deploying web application archive xpuga.war
Oct 12, 2006 3:34:26 PM org.apache.catalina.startup.HostConfig checkResources
INFO: Undeploying context [/xpuga]
Oct 12, 2006 3:34:28 PM org.apache.catalina.startup.HostConfig deployWAR
INFO: Deploying web application archive xpuga.war
Oct 12, 2006 3:35:10 PM org.apache.catalina.startup.HostConfig checkResources
INFO: Undeploying context [/xpuga]
Oct 12, 2006 3:35:13 PM org.apache.catalina.startup.HostConfig deployWAR
INFO: Deploying web application archive xpuga.war
Oct 12, 2006 3:52:26 PM org.apache.catalina.startup.HostConfig checkResources
INFO: Undeploying context [/xpuga]
Oct 12, 2006 3:52:29 PM org.apache.catalina.startup.HostConfig deployWAR
INFO: Deploying web application archive xpuga.war
